# RTL_ID 21041400
#
# Events:
#    N - no event
#    E - exception
#    I - interrupt
#    W - wakeup
# =====================================================================================
# : Core Reset
# =====================================================================================
# Test: add.hex
#           Time   Ev  Curr_PC    Instr      Next_PC    Reg        Value     
# =====================================================================================
               3   N   00000000   00000000   00000200   ---        --------
               6   N   00000200   0000e101   00000204   x10_a0     00000000
               7   N   00000204   00004e01   00000206   ---        --------
               8   N   00000206   00000297   00000208   x28_t3     00000000
               9   N   00000208   fb828293   0000020c   x05_t0     00000208
              10   N   0000020c   30529073   00000210   x05_t0     000001c0
              11   N   00000210   00004505   00000214   ---        --------
              12   N   00000214   0000057e   00000216   x10_a0     00000001
              13   N   00000216   00054863   00000218   x10_a0     80000000
              14   N   00000218   0ff0000f   00000228   ---        --------
              17   N   00000228   00028d63   0000022c   x05_t0     00000000
              18   N   0000022c   10529073   00000246   ---        --------
              22   N   00000246   00020297   0000024a   ---        --------
              23   N   0000024a   00000297   0000024a   ---        --------
              24   N   0000024a   30008293   0000024e   x05_t0     0000024a
              26   N   0000024e   00009073   00000252   x05_t0     000002a0
              28   N   00000252   05622573   00000256   ---        --------
              30   N   00000256   34120073   0000025a   x10_a0     00000000
              33   N   0000025a   00000000   000002a0   ---        --------
              36   N   000002a0   00004101   000002a2   x01_ra     00000000
              37   N   000002a2   002081b3   000002a4   x02_sp     00000000
              38   N   000002a4   00004e81   000002a8   x03_gp     00000000
              39   N   000002a8   00004e09   000002aa   x29_t4     00000000
              40   N   000002aa   35d19e63   000002ac   x28_t3     00000002
              41   N   000002ac   00004085   000002b0   ---        --------
              42   N   000002b0   00004105   000002b2   x01_ra     00000001
              43   N   000002b2   002081b3   000002b4   x02_sp     00000001
              44   N   000002b4   00004e89   000002b8   x03_gp     00000002
              45   N   000002b8   00004e0d   000002ba   x29_t4     00000002
              46   N   000002ba   35d19663   000002bc   x28_t3     00000003
              47   N   000002bc   0000408d   000002c0   ---        --------
              48   N   000002c0   0000411d   000002c2   x01_ra     00000003
              49   N   000002c2   002081b3   000002c4   x02_sp     00000007
              50   N   000002c4   00004ea9   000002c8   x03_gp     0000000a
              51   N   000002c8   00004e11   000002ca   x29_t4     0000000a
              52   N   000002ca   33d19e63   000002cc   x28_t3     00000004
              53   N   000002cc   00004081   000002d0   ---        --------
              54   N   000002d0   ffff8137   000002d2   x01_ra     00000000
              55   N   000002d2   408181b3   000002d6   x02_sp     ffff8000
              57   N   000002d6   00007ee1   000002da   x03_gp     ffff8000
              58   N   000002da   00004e15   000002dc   x29_t4     ffff8000
              59   N   000002dc   33d19563   000002de   x28_t3     00000005
              60   N   000002de   4e1500b7   000002e2   ---        --------
              62   N   000002e2   00004101   000002e6   x01_ra     80000000
              63   N   000002e6   002081b3   000002e8   x02_sp     00000000
              64   N   000002e8   80000eb7   000002ec   x03_gp     80000000
              65   N   000002ec   00004e19   000002f0   x29_t4     80000000
              66   N   000002f0   31d19b63   000002f2   x28_t3     00000006
              67   N   000002f2   4e1900b7   000002f6   ---        --------
              69   N   000002f6   31d18137   000002fa   x01_ra     80000000
              71   N   000002fa   800081b3   000002fe   x02_sp     ffff8000
              73   N   000002fe   ffff8eb7   00000302   x03_gp     7fff8000
              75   N   00000302   00004e1d   00000306   x29_t4     7fff8000
              76   N   00000306   31d19063   00000308   x28_t3     00000007
              77   N   00000308   00004081   0000030c   ---        --------
              78   N   0000030c   00008137   0000030e   x01_ra     00000000
              79   N   0000030e   0000117d   00000312   x02_sp     00008000
              80   N   00000312   002081b3   00000314   x02_sp     00007fff
              81   N   00000314   00006ea1   00000318   x03_gp     00007fff
              82   N   00000318   00001efd   0000031a   x29_t4     00008000
              83   N   0000031a   00004e21   0000031c   x29_t4     00007fff
              84   N   0000031c   2fd19563   0000031e   x28_t3     00000008
              85   N   0000031e   4e2100b7   00000322   ---        --------
              87   N   00000322   000010fd   00000326   x01_ra     80000000
              88   N   00000326   00004101   00000328   x01_ra     7fffffff
              89   N   00000328   002081b3   0000032a   x02_sp     00000000
              90   N   0000032a   41010eb7   0000032e   x03_gp     7fffffff
              92   N   0000032e   00001efd   00000332   x29_t4     80000000
              93   N   00000332   00004e25   00000334   x29_t4     7fffffff
              94   N   00000334   2dd19963   00000336   x28_t3     00000009
              95   N   00000336   4e2500b7   0000033a   ---        --------
              97   N   0000033a   000010fd   0000033e   x01_ra     80000000
              98   N   0000033e   00008137   00000340   x01_ra     7fffffff
              99   N   00000340   0000117d   00000344   x02_sp     00008000
             100   N   00000344   002081b3   00000346   x02_sp     00007fff
             101   N   00000346   117d8eb7   0000034a   x03_gp     80007ffe
             103   N   0000034a   00001ef9   0000034e   x29_t4     80008000
             104   N   0000034e   00004e29   00000350   x29_t4     80007ffe
             105   N   00000350   2bd19b63   00000352   x28_t3     0000000a
             106   N   00000352   4e2900b7   00000356   ---        --------
             108   N   00000356   2bd18137   0000035a   x01_ra     80000000
             110   N   0000035a   0000117d   0000035e   x02_sp     00008000
             111   N   0000035e   002081b3   00000360   x02_sp     00007fff
             112   N   00000360   80008eb7   00000364   x03_gp     80007fff
             113   N   00000364   00001efd   00000368   x29_t4     80008000
             114   N   00000368   00004e2d   0000036a   x29_t4     80007fff
             115   N   0000036a   29d19e63   0000036c   x28_t3     0000000b
             116   N   0000036c   800000b7   00000370   ---        --------
             117   N   00000370   000010fd   00000374   x01_ra     80000000
             118   N   00000374   ffff8137   00000376   x01_ra     7fffffff
             119   N   00000376   10fd81b3   0000037a   x02_sp     ffff8000
             121   N   0000037a   ffff8eb7   0000037e   x03_gp     7fff7fff
             123   N   0000037e   00001efd   00000382   x29_t4     7fff8000
             124   N   00000382   00004e31   00000384   x29_t4     7fff7fff
             125   N   00000384   29d19163   00000386   x28_t3     0000000c
             126   N   00000386   00004081   0000038a   ---        --------
             127   N   0000038a   fff00113   0000038c   x01_ra     00000000
             128   N   0000038c   002081b3   00000390   x02_sp     ffffffff
             129   N   00000390   fff00e93   00000394   x03_gp     ffffffff
             130   N   00000394   00004e35   00000398   x29_t4     ffffffff
             131   N   00000398   27d19763   0000039a   x28_t3     0000000d
             132   N   0000039a   4e350093   0000039e   ---        --------
             134   N   0000039e   00004105   000003a2   x01_ra     ffffffff
             135   N   000003a2   002081b3   000003a4   x02_sp     00000001
             136   N   000003a4   00004e81   000003a8   x03_gp     00000000
             137   N   000003a8   00004e39   000003aa   x29_t4     00000000
             138   N   000003aa   25d19e63   000003ac   x28_t3     0000000e
             139   N   000003ac   fff00093   000003b0   ---        --------
             140   N   000003b0   fff00113   000003b4   x01_ra     ffffffff
             141   N   000003b4   002081b3   000003b8   x02_sp     ffffffff
             142   N   000003b8   ffe00e93   000003bc   x03_gp     fffffffe
             143   N   000003bc   00004e3d   000003c0   x29_t4     fffffffe
             144   N   000003c0   25d19363   000003c2   x28_t3     0000000f
             145   N   000003c2   00004085   000003c6   ---        --------
             146   N   000003c6   80000137   000003c8   x01_ra     00000001
             147   N   000003c8   0000117d   000003cc   x02_sp     80000000
             148   N   000003cc   002081b3   000003ce   x02_sp     7fffffff
             149   N   000003ce   117d0eb7   000003d2   x03_gp     80000000
             151   N   000003d2   00004e41   000003d6   x29_t4     80000000
             152   N   000003d6   23d19863   000003d8   x28_t3     00000010
             153   N   000003d8   000040b5   000003dc   ---        --------
             154   N   000003dc   0000412d   000003de   x01_ra     0000000d
             155   N   000003de   0000908a   000003e0   x02_sp     0000000b
             156   N   000003e0   00004ee1   000003e2   x01_ra     00000018
             157   N   000003e2   00004e45   000003e4   x29_t4     00000018
             158   N   000003e4   23d09163   000003e6   x28_t3     00000011
             159   N   000003e6   000040b9   000003ea   ---        --------
             160   N   000003ea   0000412d   000003ec   x01_ra     0000000e
             161   N   000003ec   00009106   000003ee   x02_sp     0000000b
             162   N   000003ee   00004ee5   000003f0   x02_sp     00000019
             163   N   000003f0   00004e49   000003f2   x29_t4     00000019
             164   N   000003f2   21d11a63   000003f4   x28_t3     00000012
             165   N   000003f4   000040b5   000003f8   ---        --------
             166   N   000003f8   00009086   000003fa   x01_ra     0000000d
             167   N   000003fa   00004ee9   000003fc   x01_ra     0000001a
             168   N   000003fc   00004e4d   000003fe   x29_t4     0000001a
             169   N   000003fe   21d09463   00000400   x28_t3     00000013
             170   N   00000400   00004201   00000404   ---        --------
             171   N   00000404   000040b5   00000406   x04_tp     00000000
             172   N   00000406   0000412d   00000408   x01_ra     0000000d
             173   N   00000408   002081b3   0000040a   x02_sp     0000000b
             174   N   0000040a   412d8313   0000040e   x03_gp     00000018
             176   N   0000040e   00000205   00000412   x06_t1     00000018
             177   N   00000412   00004289   00000414   x04_tp     00000001
             178   N   00000414   fe5218e3   00000416   x05_t0     00000002
             179   N   00000416   00004ee1   00000406   ---        --------
             182   N   00000406   0000412d   00000408   x01_ra     0000000d
             183   N   00000408   002081b3   0000040a   x02_sp     0000000b
             184   N   0000040a   412d8313   0000040e   x03_gp     00000018
             186   N   0000040e   00000205   00000412   x06_t1     00000018
             187   N   00000412   00004289   00000414   x04_tp     00000002
             188   N   00000414   fe5218e3   00000416   x05_t0     00000002
             189   N   00000416   00004ee1   0000041a   ---        --------
             190   N   0000041a   00004e51   0000041c   x29_t4     00000018
             191   N   0000041c   1fd31563   0000041e   x28_t3     00000014
             192   N   0000041e   00004201   00000422   ---        --------
             193   N   00000422   000040b9   00000424   x04_tp     00000000
             194   N   00000424   0000412d   00000426   x01_ra     0000000e
             195   N   00000426   002081b3   00000428   x02_sp     0000000b
             196   N   00000428   00000001   0000042c   x03_gp     00000019
             197   N   0000042c   00018313   0000042e   ---        --------
             198   N   0000042e   00000205   00000432   x06_t1     00000019
             199   N   00000432   00004289   00000434   x04_tp     00000001
             200   N   00000434   fe5217e3   00000436   x05_t0     00000002
             201   N   00000436   00004ee5   00000424   ---        --------
             204   N   00000424   0000412d   00000426   x01_ra     0000000e
             205   N   00000426   002081b3   00000428   x02_sp     0000000b
             206   N   00000428   00000001   0000042c   x03_gp     00000019
             207   N   0000042c   00018313   0000042e   ---        --------
             208   N   0000042e   00000205   00000432   x06_t1     00000019
             209   N   00000432   00004289   00000434   x04_tp     00000002
             210   N   00000434   fe5217e3   00000436   x05_t0     00000002
             211   N   00000436   00004ee5   0000043a   ---        --------
             212   N   0000043a   00004e55   0000043c   x29_t4     00000019
             213   N   0000043c   1dd31563   0000043e   x28_t3     00000015
             214   N   0000043e   00004201   00000442   ---        --------
             215   N   00000442   000040bd   00000444   x04_tp     00000000
             216   N   00000444   0000412d   00000446   x01_ra     0000000f
             217   N   00000446   002081b3   00000448   x02_sp     0000000b
             218   N   00000448   00000001   0000044c   x03_gp     0000001a
             219   N   0000044c   00000001   0000044e   ---        --------
             220   N   0000044e   00018313   00000450   ---        --------
             221   N   00000450   00000205   00000454   x06_t1     0000001a
             222   N   00000454   00004289   00000456   x04_tp     00000001
             223   N   00000456   fe5216e3   00000458   x05_t0     00000002
             224   N   00000458   00004ee9   00000444   ---        --------
             227   N   00000444   0000412d   00000446   x01_ra     0000000f
             228   N   00000446   002081b3   00000448   x02_sp     0000000b
             229   N   00000448   00000001   0000044c   x03_gp     0000001a
             230   N   0000044c   00000001   0000044e   ---        --------
             231   N   0000044e   00018313   00000450   ---        --------
             232   N   00000450   00000205   00000454   x06_t1     0000001a
             233   N   00000454   00004289   00000456   x04_tp     00000002
             234   N   00000456   fe5216e3   00000458   x05_t0     00000002
             235   N   00000458   00004ee9   0000045c   ---        --------
             236   N   0000045c   00004e59   0000045e   x29_t4     0000001a
             237   N   0000045e   1bd31463   00000460   x28_t3     00000016
             238   N   00000460   00004201   00000464   ---        --------
             239   N   00000464   000040b5   00000466   x04_tp     00000000
             240   N   00000466   0000412d   00000468   x01_ra     0000000d
             241   N   00000468   002081b3   0000046a   x02_sp     0000000b
             242   N   0000046a   00000205   0000046e   x03_gp     00000018
             243   N   0000046e   00004289   00000470   x04_tp     00000001
             244   N   00000470   fe521ae3   00000472   x05_t0     00000002
             245   N   00000472   00004ee1   00000466   ---        --------
             248   N   00000466   0000412d   00000468   x01_ra     0000000d
             249   N   00000468   002081b3   0000046a   x02_sp     0000000b
             250   N   0000046a   00000205   0000046e   x03_gp     00000018
             251   N   0000046e   00004289   00000470   x04_tp     00000002
             252   N   00000470   fe521ae3   00000472   x05_t0     00000002
             253   N   00000472   00004ee1   00000476   ---        --------
             254   N   00000476   00004e5d   00000478   x29_t4     00000018
             255   N   00000478   19d19763   0000047a   x28_t3     00000017
             256   N   0000047a   00004201   0000047e   ---        --------
             257   N   0000047e   000040b9   00000480   x04_tp     00000000
             258   N   00000480   0000412d   00000482   x01_ra     0000000e
             259   N   00000482   00000001   00000484   x02_sp     0000000b
             260   N   00000484   002081b3   00000486   ---        --------
             261   N   00000486   00000205   0000048a   x03_gp     00000019
             262   N   0000048a   00004289   0000048c   x04_tp     00000001
             263   N   0000048c   fe5219e3   0000048e   x05_t0     00000002
             264   N   0000048e   00004ee5   00000480   ---        --------
             267   N   00000480   0000412d   00000482   x01_ra     0000000e
             268   N   00000482   00000001   00000484   x02_sp     0000000b
             269   N   00000484   002081b3   00000486   ---        --------
             270   N   00000486   00000205   0000048a   x03_gp     00000019
             271   N   0000048a   00004289   0000048c   x04_tp     00000002
             272   N   0000048c   fe5219e3   0000048e   x05_t0     00000002
             273   N   0000048e   00004ee5   00000492   ---        --------
             274   N   00000492   00004e61   00000494   x29_t4     00000019
             275   N   00000494   17d19963   00000496   x28_t3     00000018
             276   N   00000496   00004201   0000049a   ---        --------
             277   N   0000049a   000040bd   0000049c   x04_tp     00000000
             278   N   0000049c   0000412d   0000049e   x01_ra     0000000f
             279   N   0000049e   00000001   000004a0   x02_sp     0000000b
             280   N   000004a0   00000001   000004a2   ---        --------
             281   N   000004a2   002081b3   000004a4   ---        --------
             282   N   000004a4   00000205   000004a8   x03_gp     0000001a
             283   N   000004a8   00004289   000004aa   x04_tp     00000001
             284   N   000004aa   fe5218e3   000004ac   x05_t0     00000002
             285   N   000004ac   00004ee9   0000049c   ---        --------
             288   N   0000049c   0000412d   0000049e   x01_ra     0000000f
             289   N   0000049e   00000001   000004a0   x02_sp     0000000b
             290   N   000004a0   00000001   000004a2   ---        --------
             291   N   000004a2   002081b3   000004a4   ---        --------
             292   N   000004a4   00000205   000004a8   x03_gp     0000001a
             293   N   000004a8   00004289   000004aa   x04_tp     00000002
             294   N   000004aa   fe5218e3   000004ac   x05_t0     00000002
             295   N   000004ac   00004ee9   000004b0   ---        --------
             296   N   000004b0   00004e65   000004b2   x29_t4     0000001a
             297   N   000004b2   15d19a63   000004b4   x28_t3     00000019
             298   N   000004b4   00004201   000004b8   ---        --------
             299   N   000004b8   000040b5   000004ba   x04_tp     00000000
             300   N   000004ba   00000001   000004bc   x01_ra     0000000d
             301   N   000004bc   0000412d   000004be   ---        --------
             302   N   000004be   002081b3   000004c0   x02_sp     0000000b
             303   N   000004c0   00000205   000004c4   x03_gp     00000018
             304   N   000004c4   00004289   000004c6   x04_tp     00000001
             305   N   000004c6   fe5219e3   000004c8   x05_t0     00000002
             306   N   000004c8   00004ee1   000004ba   ---        --------
             309   N   000004ba   00000001   000004bc   x01_ra     0000000d
             310   N   000004bc   0000412d   000004be   ---        --------
             311   N   000004be   002081b3   000004c0   x02_sp     0000000b
             312   N   000004c0   00000205   000004c4   x03_gp     00000018
             313   N   000004c4   00004289   000004c6   x04_tp     00000002
             314   N   000004c6   fe5219e3   000004c8   x05_t0     00000002
             315   N   000004c8   00004ee1   000004cc   ---        --------
             316   N   000004cc   00004e69   000004ce   x29_t4     00000018
             317   N   000004ce   13d19c63   000004d0   x28_t3     0000001a
             318   N   000004d0   00004201   000004d4   ---        --------
             319   N   000004d4   000040b9   000004d6   x04_tp     00000000
             320   N   000004d6   00000001   000004d8   x01_ra     0000000e
             321   N   000004d8   0000412d   000004da   ---        --------
             322   N   000004da   00000001   000004dc   x02_sp     0000000b
             323   N   000004dc   002081b3   000004de   ---        --------
             324   N   000004de   00000205   000004e2   x03_gp     00000019
             325   N   000004e2   00004289   000004e4   x04_tp     00000001
             326   N   000004e4   fe5218e3   000004e6   x05_t0     00000002
             327   N   000004e6   00004ee5   000004d6   ---        --------
             330   N   000004d6   00000001   000004d8   x01_ra     0000000e
             331   N   000004d8   0000412d   000004da   ---        --------
             332   N   000004da   00000001   000004dc   x02_sp     0000000b
             333   N   000004dc   002081b3   000004de   ---        --------
             334   N   000004de   00000205   000004e2   x03_gp     00000019
             335   N   000004e2   00004289   000004e4   x04_tp     00000002
             336   N   000004e4   fe5218e3   000004e6   x05_t0     00000002
             337   N   000004e6   00004ee5   000004ea   ---        --------
             338   N   000004ea   00004e6d   000004ec   x29_t4     00000019
             339   N   000004ec   11d19d63   000004ee   x28_t3     0000001b
             340   N   000004ee   00004201   000004f2   ---        --------
             341   N   000004f2   000040bd   000004f4   x04_tp     00000000
             342   N   000004f4   00000001   000004f6   x01_ra     0000000f
             343   N   000004f6   00000001   000004f8   ---        --------
             344   N   000004f8   0000412d   000004fa   ---        --------
             345   N   000004fa   002081b3   000004fc   x02_sp     0000000b
             346   N   000004fc   00000205   00000500   x03_gp     0000001a
             347   N   00000500   00004289   00000502   x04_tp     00000001
             348   N   00000502   fe5218e3   00000504   x05_t0     00000002
             349   N   00000504   00004ee9   000004f4   ---        --------
             352   N   000004f4   00000001   000004f6   x01_ra     0000000f
             353   N   000004f6   00000001   000004f8   ---        --------
             354   N   000004f8   0000412d   000004fa   ---        --------
             355   N   000004fa   002081b3   000004fc   x02_sp     0000000b
             356   N   000004fc   00000205   00000500   x03_gp     0000001a
             357   N   00000500   00004289   00000502   x04_tp     00000002
             358   N   00000502   fe5218e3   00000504   x05_t0     00000002
             359   N   00000504   00004ee9   00000508   ---        --------
             360   N   00000508   00004e71   0000050a   x29_t4     0000001a
             361   N   0000050a   0fd19e63   0000050c   x28_t3     0000001c
             362   N   0000050c   00004201   00000510   ---        --------
             363   N   00000510   0000412d   00000512   x04_tp     00000000
             364   N   00000512   000040b5   00000514   x02_sp     0000000b
             365   N   00000514   002081b3   00000516   x01_ra     0000000d
             366   N   00000516   00000205   0000051a   x03_gp     00000018
             367   N   0000051a   00004289   0000051c   x04_tp     00000001
             368   N   0000051c   fe521ae3   0000051e   x05_t0     00000002
             369   N   0000051e   00004ee1   00000512   ---        --------
             372   N   00000512   000040b5   00000514   x02_sp     0000000b
             373   N   00000514   002081b3   00000516   x01_ra     0000000d
             374   N   00000516   00000205   0000051a   x03_gp     00000018
             375   N   0000051a   00004289   0000051c   x04_tp     00000002
             376   N   0000051c   fe521ae3   0000051e   x05_t0     00000002
             377   N   0000051e   00004ee1   00000522   ---        --------
             378   N   00000522   00004e75   00000524   x29_t4     00000018
             379   N   00000524   0fd19163   00000526   x28_t3     0000001d
             380   N   00000526   00004201   0000052a   ---        --------
             381   N   0000052a   0000412d   0000052c   x04_tp     00000000
             382   N   0000052c   000040b9   0000052e   x02_sp     0000000b
             383   N   0000052e   00000001   00000530   x01_ra     0000000e
             384   N   00000530   002081b3   00000532   ---        --------
             385   N   00000532   00000205   00000536   x03_gp     00000019
             386   N   00000536   00004289   00000538   x04_tp     00000001
             387   N   00000538   fe5219e3   0000053a   x05_t0     00000002
             388   N   0000053a   00004ee5   0000052c   ---        --------
             391   N   0000052c   000040b9   0000052e   x02_sp     0000000b
             392   N   0000052e   00000001   00000530   x01_ra     0000000e
             393   N   00000530   002081b3   00000532   ---        --------
             394   N   00000532   00000205   00000536   x03_gp     00000019
             395   N   00000536   00004289   00000538   x04_tp     00000002
             396   N   00000538   fe5219e3   0000053a   x05_t0     00000002
             397   N   0000053a   00004ee5   0000053e   ---        --------
             398   N   0000053e   00004e79   00000540   x29_t4     00000019
             399   N   00000540   0dd19363   00000542   x28_t3     0000001e
             400   N   00000542   00004201   00000546   ---        --------
             401   N   00000546   0000412d   00000548   x04_tp     00000000
             402   N   00000548   000040bd   0000054a   x02_sp     0000000b
             403   N   0000054a   00000001   0000054c   x01_ra     0000000f
             404   N   0000054c   00000001   0000054e   ---        --------
             405   N   0000054e   002081b3   00000550   ---        --------
             406   N   00000550   00000205   00000554   x03_gp     0000001a
             407   N   00000554   00004289   00000556   x04_tp     00000001
             408   N   00000556   fe5218e3   00000558   x05_t0     00000002
             409   N   00000558   00004ee9   00000548   ---        --------
             412   N   00000548   000040bd   0000054a   x02_sp     0000000b
             413   N   0000054a   00000001   0000054c   x01_ra     0000000f
             414   N   0000054c   00000001   0000054e   ---        --------
             415   N   0000054e   002081b3   00000550   ---        --------
             416   N   00000550   00000205   00000554   x03_gp     0000001a
             417   N   00000554   00004289   00000556   x04_tp     00000002
             418   N   00000556   fe5218e3   00000558   x05_t0     00000002
             419   N   00000558   00004ee9   0000055c   ---        --------
             420   N   0000055c   00004e7d   0000055e   x29_t4     0000001a
             421   N   0000055e   0bd19463   00000560   x28_t3     0000001f
             422   N   00000560   00004201   00000564   ---        --------
             423   N   00000564   0000412d   00000566   x04_tp     00000000
             424   N   00000566   00000001   00000568   x02_sp     0000000b
             425   N   00000568   000040b5   0000056a   ---        --------
             426   N   0000056a   002081b3   0000056c   x01_ra     0000000d
             427   N   0000056c   00000205   00000570   x03_gp     00000018
             428   N   00000570   00004289   00000572   x04_tp     00000001
             429   N   00000572   fe5219e3   00000574   x05_t0     00000002
             430   N   00000574   00004ee1   00000566   ---        --------
             433   N   00000566   00000001   00000568   x02_sp     0000000b
             434   N   00000568   000040b5   0000056a   ---        --------
             435   N   0000056a   002081b3   0000056c   x01_ra     0000000d
             436   N   0000056c   00000205   00000570   x03_gp     00000018
             437   N   00000570   00004289   00000572   x04_tp     00000002
             438   N   00000572   fe5219e3   00000574   x05_t0     00000002
             439   N   00000574   00004ee1   00000578   ---        --------
             440   N   00000578   02000e13   0000057a   x29_t4     00000018
             441   N   0000057a   4ee19563   0000057e   x28_t3     00000020
             443   N   0000057e   00004201   00000582   ---        --------
             444   N   00000582   0000412d   00000584   x04_tp     00000000
             445   N   00000584   00000001   00000586   x02_sp     0000000b
             446   N   00000586   000040b9   00000588   ---        --------
             447   N   00000588   00000001   0000058a   x01_ra     0000000e
             448   N   0000058a   002081b3   0000058c   ---        --------
             449   N   0000058c   00000205   00000590   x03_gp     00000019
             450   N   00000590   00004289   00000592   x04_tp     00000001
             451   N   00000592   fe5218e3   00000594   x05_t0     00000002
             452   N   00000594   00004ee5   00000584   ---        --------
             455   N   00000584   00000001   00000586   x02_sp     0000000b
             456   N   00000586   000040b9   00000588   ---        --------
             457   N   00000588   00000001   0000058a   x01_ra     0000000e
             458   N   0000058a   002081b3   0000058c   ---        --------
             459   N   0000058c   00000205   00000590   x03_gp     00000019
             460   N   00000590   00004289   00000592   x04_tp     00000002
             461   N   00000592   fe5218e3   00000594   x05_t0     00000002
             462   N   00000594   00004ee5   00000598   ---        --------
             463   N   00000598   02100e13   0000059a   x29_t4     00000019
             464   N   0000059a   4ee59563   0000059e   x28_t3     00000021
             466   N   0000059e   00004201   000005a2   ---        --------
             467   N   000005a2   0000412d   000005a4   x04_tp     00000000
             468   N   000005a4   00000001   000005a6   x02_sp     0000000b
             469   N   000005a6   00000001   000005a8   ---        --------
             470   N   000005a8   000040bd   000005aa   ---        --------
             471   N   000005aa   002081b3   000005ac   x01_ra     0000000f
             472   N   000005ac   00000205   000005b0   x03_gp     0000001a
             473   N   000005b0   00004289   000005b2   x04_tp     00000001
             474   N   000005b2   fe5218e3   000005b4   x05_t0     00000002
             475   N   000005b4   00004ee9   000005a4   ---        --------
             478   N   000005a4   00000001   000005a6   x02_sp     0000000b
             479   N   000005a6   00000001   000005a8   ---        --------
             480   N   000005a8   000040bd   000005aa   ---        --------
             481   N   000005aa   002081b3   000005ac   x01_ra     0000000f
             482   N   000005ac   00000205   000005b0   x03_gp     0000001a
             483   N   000005b0   00004289   000005b2   x04_tp     00000002
             484   N   000005b2   fe5218e3   000005b4   x05_t0     00000002
             485   N   000005b4   00004ee9   000005b8   ---        --------
             486   N   000005b8   02200e13   000005ba   x29_t4     0000001a
             487   N   000005ba   4ee99563   000005be   x28_t3     00000022
             489   N   000005be   000040bd   000005c2   ---        --------
             490   N   000005c2   00008106   000005c4   x01_ra     0000000f
             491   N   000005c4   00004ebd   000005c6   x02_sp     0000000f
             492   N   000005c6   02300e13   000005c8   x29_t4     0000000f
             493   N   000005c8   03d11e63   000005cc   x28_t3     00000023
             494   N   000005cc   02000093   000005d0   ---        --------
             495   N   000005d0   00008133   000005d4   x01_ra     00000020
             496   N   000005d4   02000e93   000005d8   x02_sp     00000020
             497   N   000005d8   02400e13   000005dc   x29_t4     00000020
             498   N   000005dc   03d11463   000005e0   x28_t3     00000024
             499   N   000005e0   000000b3   000005e4   ---        --------
             500   N   000005e4   00004e81   000005e8   x01_ra     00000000
             501   N   000005e8   02500e13   000005ea   x29_t4     00000000
             502   N   000005ea   4e819d63   000005ee   x28_t3     00000025
             504   N   000005ee   000040c1   000005f2   ---        --------
             505   N   000005f2   00004179   000005f4   x01_ra     00000010
             506   N   000005f4   00208033   000005f6   x02_sp     0000001e
             507   N   000005f6   00004e81   000005fa   ---        --------
             508   N   000005fa   02600e13   000005fc   x29_t4     00000000
             509   N   000005fc   01d01463   00000600   x28_t3     00000026
             510   N   00000600   01c01863   00000604   ---        --------
             511   N   00000604   0ff0000f   00000614   ---        --------
             514   N   00000614   000085f2   00000618   ---        --------
             515   N   00000618   00004501   0000061a   x11_a1     00000026
             516   N   0000061a   00000073   0000061c   x10_a0     00000000
             517   E   0000061c   00000073   000001c0   mstatus    00001800
             517   E   0000061c   00000073   000001c0   mepc       0000061c
             517   E   0000061c   00000073   000001c0   mcause     0000000b
             517   E   0000061c   00000073   000001c0   mtval      00000000
             520   N   000001c0   000047a1   000001c4   x14_a4     0000000b
             521   N   000001c4   02f70263   000001c6   x15_a5     00000008
             522   N   000001c6   000047a5   000001ca   ---        --------
             523   N   000001ca   00f70f63   000001cc   x15_a5     00000009
             524   N   000001cc   000047ad   000001d0   ---        --------
             525   N   000001d0   00f70c63   000001d2   x15_a5     0000000b
             526   N   000001d2   47ad0713   000001ea   ---        --------
             530   N   000001ea   07130013   00000640   ---        --------
             533   N   00000640   ab428293   00000644   x05_t0     00000640
             534   N   00000644   00008282   00000648   x05_t0     000000f4
             535   N   00000648   00000013   000000f4   ---        --------
             538   N   000000f4   0000006f   000000f8   ---        --------
             539   N   000000f8   ffffffff   000000f8   ---        --------
