# RTL_ID 21041400
#
# Events:
#    N - no event
#    E - exception
#    I - interrupt
#    W - wakeup
# =====================================================================================
# : Core Reset
# =====================================================================================
# Test: ma_fetch.hex
#           Time   Ev  Curr_PC    Instr      Next_PC    Reg        Value     
# =====================================================================================
               3   N   00000000   00000000   0000a000   ---        --------
               6   N   0000a000   0000e101   0000a004   x10_a0     00000000
               7   N   0000a004   00004e01   0000a006   ---        --------
               8   N   0000a006   ffff7297   0000a008   x28_t3     00000000
               9   N   0000a008   8b828293   0000a00c   x05_t0     00001008
              10   N   0000a00c   30529073   0000a010   x05_t0     000008c0
              11   N   0000a010   00004505   0000a014   ---        --------
              12   N   0000a014   0000057e   0000a016   x10_a0     00000001
              13   N   0000a016   00054863   0000a018   x10_a0     80000000
              14   N   0000a018   0ff0000f   0000a028   ---        --------
              17   N   0000a028   00028f63   0000a02c   x05_t0     00000000
              18   N   0000a02c   10529073   0000a04a   ---        --------
              22   N   0000a04a   00006509   0000a04e   ---        --------
              23   N   0000a04e   00006509   0000a04e   ---        --------
              24   N   0000a04e   80050513   0000a050   x10_a0     00002000
              25   N   0000a050   30052073   0000a054   x10_a0     00001800
              26   N   0000a054   00001297   0000a058   ---        --------
              27   N   0000a058   00001297   0000a058   ---        --------
              28   N   0000a058   9f228293   0000a05c   x05_t0     0000b058
              29   N   0000a05c   34129073   0000a060   x05_t0     0000aa4a
              30   N   0000a060   f1402573   0000a064   ---        --------
              31   N   0000a064   30200073   0000a068   x10_a0     00000000
              33   N   0000a068   00000000   0000aa4a   ---        --------
              36   N   0000aa4a   00200e13   0000aa4c   ---        --------
              37   N   0000aa4c   00000313   0000aa50   x28_t3     00000002
              38   N   0000aa50   00000297   0000aa54   x06_t1     00000000
              39   N   0000aa54   00c28293   0000aa58   x05_t0     0000aa54
              40   N   0000aa58   00228367   0000aa5c   x05_t0     0000aa60
              41   N   0000aa5c   0000a011   0000aa62   x06_t1     0000aa60
              44   N   0000aa62   0e80006f   0000aa68   ---        --------
              47   N   0000aa68   00000297   0000aa6c   x28_t3     00000003
              48   N   0000aa6c   00c28293   0000aa70   x05_t0     0000aa6c
              49   N   0000aa70   00128367   0000aa74   x05_t0     0000aa78
              50   N   0000aa74   0080006f   0000aa78   x06_t1     0000aa78
              53   N   0000aa78   0d00006f   0000aa80   ---        --------
              56   N   0000aa80   00000313   0000aa84   x28_t3     00000004
              57   N   0000aa84   00000297   0000aa88   x06_t1     00000000
              58   N   0000aa88   00c28293   0000aa8c   x05_t0     0000aa88
              59   N   0000aa8c   00328367   0000aa90   x05_t0     0000aa94
              60   N   0000aa90   0000a011   0000aa96   x06_t1     0000aa94
              63   N   0000aa96   0b40006f   0000aa9c   ---        --------
              66   N   0000aa9c   00000313   0000aaa0   x28_t3     00000005
              67   N   0000aaa0   00000297   0000aaa4   x06_t1     00000000
              68   N   0000aaa4   00c28293   0000aaa8   x05_t0     0000aaa4
              69   N   0000aaa8   0060036f   0000aaac   x05_t0     0000aab0
              70   N   0000aaac   0000a011   0000aab2   x06_t1     0000aab0
              73   N   0000aab2   0980006f   0000aab8   ---        --------
              76   N   0000aab8   00000313   0000aabc   x28_t3     00000006
              77   N   0000aabc   00000297   0000aac0   x06_t1     00000000
              78   N   0000aac0   00c28293   0000aac4   x05_t0     0000aac0
              79   N   0000aac4   00000363   0000aac8   x05_t0     0000aacc
              80   N   0000aac8   0000a011   0000aace   ---        --------
              83   N   0000aace   07c0006f   0000aad4   ---        --------
              86   N   0000aad4   00001563   0000aad8   x28_t3     00000007
              87   N   0000aad8   00c0006f   0000aadc   ---        --------
              88   N   0000aadc   0000a009   0000aae8   ---        --------
              91   N   0000aae8   301023f3   0000aaec   x28_t3     00000008
              92   N   0000aaec   0043f393   0000aaf0   x07_t2     40001104
              93   N   0000aaf0   04038863   0000aaf4   x07_t2     00000004
              94   N   0000aaf4   00000001   0000aaf8   ---        --------
              95   N   0000aaf8   30127073   0000aafa   ---        --------
              96   N   0000aafa   00000001   0000aafe   ---        --------
              97   N   0000aafe   301023f3   0000ab00   ---        --------
              98   N   0000ab00   0043f393   0000ab04   x07_t2     40001104
              99   N   0000ab04   04038263   0000ab08   x07_t2     00000004
             100   N   0000ab08   00000297   0000ab0c   ---        --------
             101   N   0000ab0c   03428293   0000ab10   x05_t0     0000ab0c
             102   N   0000ab10   ffe28293   0000ab14   x05_t0     0000ab40
             103   N   0000ab14   34129073   0000ab18   x05_t0     0000ab3e
             104   N   0000ab18   30127073   0000ab1c   ---        --------
             105   N   0000ab1c   301023f3   0000ab20   ---        --------
             106   N   0000ab20   0043f393   0000ab24   x07_t2     40001104
             107   N   0000ab24   00039e63   0000ab28   x07_t2     00000004
             108   N   0000ab28   000023b7   0000ab44   ---        --------
             111   N   0000ab44   01c01a63   0000ab5c   ---        --------
             114   N   0000ab5c   000e0593   0000ab60   ---        --------
             115   N   0000ab60   00000513   0000ab64   x11_a1     00000008
             116   N   0000ab64   00000073   0000ab68   x10_a0     00000000
             117   E   0000ab68   00200513   000008c0   mstatus    00001800
             117   E   0000ab68   00200513   000008c0   mepc       0000ab68
             117   E   0000ab68   00200513   000008c0   mcause     0000000b
             117   E   0000ab68   00200513   000008c0   mtval      00000000
             120   N   000008c0   00004785   000008c4   x14_a4     0000000b
             121   N   000008c4   00008ff9   000008c6   x15_a5     00000001
             122   N   000008c6   0000c385   000008c8   x15_a5     00000001
             123   N   000008c8   f0000837   000008ca   ---        --------
             124   N   000008ca   c385a897   000008ce   x16_a6     f0000000
             126   N   000008ce   f0008893   000008d2   x17_a7     0000a8ce
             128   N   000008d2   00008783   000008d6   x17_a7     0000aa40
             131   N   000008d6   0000c791   000008da   x15_a5     0000006d
             132   N   000008da   00f82023   000008dc   ---        --------
             134   N   000008dc   00000885   000008e0   ---        --------
             135   N   000008e0   ff5ff06f   000008e2   x17_a7     0000aa41
             136   N   000008e2   0000a035   000008d6   ---        --------
             141   N   000008d6   0000c791   000008da   x15_a5     00000069
             142   N   000008da   00f82023   000008dc   ---        --------
             144   N   000008dc   00000885   000008e0   ---        --------
             145   N   000008e0   ff5ff06f   000008e2   x17_a7     0000aa42
             146   N   000008e2   0000a035   000008d6   ---        --------
             151   N   000008d6   0000c791   000008da   x15_a5     00000073
             152   N   000008da   00f82023   000008dc   ---        --------
             154   N   000008dc   00000885   000008e0   ---        --------
             155   N   000008e0   ff5ff06f   000008e2   x17_a7     0000aa43
             156   N   000008e2   0000a035   000008d6   ---        --------
             161   N   000008d6   0000c791   000008da   x15_a5     00000061
             162   N   000008da   00f82023   000008dc   ---        --------
             164   N   000008dc   00000885   000008e0   ---        --------
             165   N   000008e0   ff5ff06f   000008e2   x17_a7     0000aa44
             166   N   000008e2   0000a035   000008d6   ---        --------
             171   N   000008d6   0000c791   000008da   x15_a5     0000006c
             172   N   000008da   00f82023   000008dc   ---        --------
             174   N   000008dc   00000885   000008e0   ---        --------
             175   N   000008e0   ff5ff06f   000008e2   x17_a7     0000aa45
             176   N   000008e2   0000a035   000008d6   ---        --------
             181   N   000008d6   0000c791   000008da   x15_a5     00000069
             182   N   000008da   00f82023   000008dc   ---        --------
             184   N   000008dc   00000885   000008e0   ---        --------
             185   N   000008e0   ff5ff06f   000008e2   x17_a7     0000aa46
             186   N   000008e2   0000a035   000008d6   ---        --------
             191   N   000008d6   0000c791   000008da   x15_a5     00000067
             192   N   000008da   00f82023   000008dc   ---        --------
             194   N   000008dc   00000885   000008e0   ---        --------
             195   N   000008e0   ff5ff06f   000008e2   x17_a7     0000aa47
             196   N   000008e2   0000a035   000008d6   ---        --------
             201   N   000008d6   0000c791   000008da   x15_a5     0000006e
             202   N   000008da   00f82023   000008dc   ---        --------
             204   N   000008dc   00000885   000008e0   ---        --------
             205   N   000008e0   ff5ff06f   000008e2   x17_a7     0000aa48
             206   N   000008e2   0000a035   000008d6   ---        --------
             211   N   000008d6   0000c791   000008da   x15_a5     00000020
             212   N   000008da   00f82023   000008dc   ---        --------
             214   N   000008dc   00000885   000008e0   ---        --------
             215   N   000008e0   ff5ff06f   000008e2   x17_a7     0000aa49
             216   N   000008e2   0000a035   000008d6   ---        --------
             221   N   000008d6   0000c791   000008da   x15_a5     00000000
             222   N   000008da   00f82023   000008e6   ---        --------
             225   N   000008e6   000047a1   00000912   ---        --------
             229   N   00000912   20230013   0000abe0   ---        --------
             232   N   0000abe0   51428293   0000abe4   x05_t0     fffffbe0
             233   N   0000abe4   00008282   0000abe8   x05_t0     000000f4
             234   N   0000abe8   00000013   000000f4   ---        --------
             237   N   000000f4   0000006f   000000f8   ---        --------
             238   N   000000f8   ffffffff   000000f8   ---        --------
